mode: set
github.com/fastscripts/bookings/cmd/web/main.go:23.13,26.16 2 0
github.com/fastscripts/bookings/cmd/web/main.go:30.2,38.16 4 0
github.com/fastscripts/bookings/cmd/web/main.go:26.16,28.3 1 0
github.com/fastscripts/bookings/cmd/web/main.go:38.16,40.3 1 0
github.com/fastscripts/bookings/cmd/web/main.go:43.18,62.16 10 1
github.com/fastscripts/bookings/cmd/web/main.go:67.2,75.12 6 1
github.com/fastscripts/bookings/cmd/web/main.go:62.16,65.3 2 0
github.com/fastscripts/bookings/cmd/web/middleware.go:9.45,19.2 3 1
github.com/fastscripts/bookings/cmd/web/middleware.go:22.50,24.2 1 1
github.com/fastscripts/bookings/cmd/web/routes.go:12.49,38.2 18 1
